<?xml version="1.0" encoding="UTF-8"?>
<!-- Generated by org.testng.reporters.JUnitReportReporter -->
<testsuite hostname="EPRURYAW0079" name="com.epam.maya_semina.test.Task1" tests="17" failures="0" timestamp="18 Aug 2016 11:31:23 GMT" time="68.068" errors="0">
  <testcase name="writeLetterTest" time="3.761" classname="com.epam.maya_semina.test.Task1"/>
  <testcase name="sendDraftTest" time="3.031" classname="com.epam.maya_semina.test.Task1"/>
  <testcase name="veryfySentLetterTest" time="2.698" classname="com.epam.maya_semina.test.Task1"/>
  <testcase name="navigateToMailPageTest" time="2.676" classname="com.epam.maya_semina.test.Task1"/>
  <testcase name="sendDraftTest" time="2.682" classname="com.epam.maya_semina.test.Task1"/>
  <testcase name="writeLetterTest" time="2.767" classname="com.epam.maya_semina.test.Task1"/>
  <testcase name="sendDraftTest" time="3.117" classname="com.epam.maya_semina.test.Task1"/>
  <testcase name="veryfySentLetterTest" time="1.677" classname="com.epam.maya_semina.test.Task1"/>
  <testcase name="writeLetterTest" time="2.915" classname="com.epam.maya_semina.test.Task1"/>
  <testcase name="veryfyDraftTest" time="2.290" classname="com.epam.maya_semina.test.Task1"/>
  <testcase name="veryfyDraftTest" time="3.061" classname="com.epam.maya_semina.test.Task1"/>
  <testcase name="writeLetterTest" time="5.076" classname="com.epam.maya_semina.test.Task1"/>
  <testcase name="veryfyDraftTest" time="21.993" classname="com.epam.maya_semina.test.Task1"/>
  <testcase name="veryfyDraftTest" time="3.704" classname="com.epam.maya_semina.test.Task1"/>
  <testcase name="veryfySentLetterTest" time="1.862" classname="com.epam.maya_semina.test.Task1"/>
  <testcase name="veryfySentLetterTest" time="1.668" classname="com.epam.maya_semina.test.Task1"/>
  <testcase name="sendDraftTest" time="3.090" classname="com.epam.maya_semina.test.Task1"/>
</testsuite> <!-- com.epam.maya_semina.test.Task1 -->
