<?xml version="1.0" encoding="UTF-8"?>
<!-- Generated by org.testng.reporters.JUnitReportReporter -->
<testsuite hostname="EPRURYAW0079" name="com.epam.maya_semina.test.MailboxTestPatterns" tests="4" failures="1" timestamp="23 Aug 2016 07:25:51 GMT" time="27.755" errors="1">
  <testcase name="navigateToMailPageTest" time="2.481" classname="com.epam.maya_semina.test.MailboxTestPatterns"/>
  <testcase name="writeLetterTest" time="12.421" classname="com.epam.maya_semina.test.MailboxTestPatterns"/>
  <testcase name="sendDraftTest" time="12.853" classname="com.epam.maya_semina.test.MailboxTestPatterns">
    <failure type="java.lang.AssertionError" message="Letter is not saved expected [true] but found [false]">
      <![CDATA[java.lang.AssertionError: Letter is not saved expected [true] but found [false]
	at org.testng.Assert.fail(Assert.java:94)
	at org.testng.Assert.failNotEquals(Assert.java:513)
	at org.testng.Assert.assertTrue(Assert.java:42)
	at com.epam.maya_semina.test.MailboxTestPatterns.sendDraftTest(MailboxTestPatterns.java:89)
	at sun.reflect.NativeMethodAccessorImpl.invoke0(Native Method)
	at sun.reflect.NativeMethodAccessorImpl.invoke(Unknown Source)
	at sun.reflect.DelegatingMethodAccessorImpl.invoke(Unknown Source)
	at java.lang.reflect.Method.invoke(Unknown Source)
	at org.testng.internal.MethodInvocationHelper.invokeMethod(MethodInvocationHelper.java:86)
	at org.testng.internal.Invoker.invokeMethod(Invoker.java:643)
	at org.testng.internal.Invoker.invokeTestMethod(Invoker.java:820)
	at org.testng.internal.Invoker.invokeTestMethods(Invoker.java:1128)
	at org.testng.internal.TestMethodWorker.invokeTestMethods(TestMethodWorker.java:129)
	at org.testng.internal.TestMethodWorker.run(TestMethodWorker.java:112)
	at org.testng.TestRunner.privateRun(TestRunner.java:782)
	at org.testng.TestRunner.run(TestRunner.java:632)
	at org.testng.SuiteRunner.runTest(SuiteRunner.java:366)
	at org.testng.SuiteRunner.runSequentially(SuiteRunner.java:361)
	at org.testng.SuiteRunner.privateRun(SuiteRunner.java:319)
	at org.testng.SuiteRunner.run(SuiteRunner.java:268)
	at org.testng.SuiteRunnerWorker.runSuite(SuiteRunnerWorker.java:52)
	at org.testng.SuiteRunnerWorker.run(SuiteRunnerWorker.java:86)
	at org.testng.TestNG.runSuitesSequentially(TestNG.java:1244)
	at org.testng.TestNG.runSuitesLocally(TestNG.java:1169)
	at org.testng.TestNG.run(TestNG.java:1064)
	at com.epam.maya_semina.runner.Runner.run(Runner.java:40)
	at com.epam.maya_semina.runner.Runner.main(Runner.java:20)
]]>
    </failure>
  </testcase> <!-- sendDraftTest -->
  <testcase name="veryfySentLetterTest" time="0.000" classname="com.epam.maya_semina.test.MailboxTestPatterns">
    <error type="java.lang.Throwable" message="Method MailboxTestPatterns.veryfySentLetterTest()[pri:0, instance:com.epam.maya_semina.test.MailboxTestPatterns@3fb6a447] depends on not successfully finished methods in group &quot;send_a_letter&quot;">
      <![CDATA[java.lang.Throwable: Method MailboxTestPatterns.veryfySentLetterTest()[pri:0, instance:com.epam.maya_semina.test.MailboxTestPatterns@3fb6a447] depends on not successfully finished methods in group "send_a_letter"
	at org.testng.internal.Invoker.invokeTestMethods(Invoker.java:1037)
	at org.testng.internal.TestMethodWorker.invokeTestMethods(TestMethodWorker.java:129)
	at org.testng.internal.TestMethodWorker.run(TestMethodWorker.java:112)
	at org.testng.TestRunner.privateRun(TestRunner.java:782)
	at org.testng.TestRunner.run(TestRunner.java:632)
	at org.testng.SuiteRunner.runTest(SuiteRunner.java:366)
	at org.testng.SuiteRunner.runSequentially(SuiteRunner.java:361)
	at org.testng.SuiteRunner.privateRun(SuiteRunner.java:319)
	at org.testng.SuiteRunner.run(SuiteRunner.java:268)
	at org.testng.SuiteRunnerWorker.runSuite(SuiteRunnerWorker.java:52)
	at org.testng.SuiteRunnerWorker.run(SuiteRunnerWorker.java:86)
	at org.testng.TestNG.runSuitesSequentially(TestNG.java:1244)
	at org.testng.TestNG.runSuitesLocally(TestNG.java:1169)
	at org.testng.TestNG.run(TestNG.java:1064)
	at com.epam.maya_semina.runner.Runner.run(Runner.java:40)
	at com.epam.maya_semina.runner.Runner.main(Runner.java:20)
]]>
    </error>
  </testcase> <!-- veryfySentLetterTest -->
</testsuite> <!-- com.epam.maya_semina.test.MailboxTestPatterns -->
