<?xml version="1.0" encoding="UTF-8"?>
<!-- Generated by org.testng.reporters.JUnitReportReporter -->
<testsuite hostname="EPRURYAW0079" name="com.epam.maya_semina.test.BaseTest" tests="1" failures="0" timestamp="18 Aug 2016 12:03:12 GMT" time="3.952" errors="0">
  <testcase name="navigateToMailPageTest" time="3.952" classname="com.epam.maya_semina.test.BaseTest"/>
</testsuite> <!-- com.epam.maya_semina.test.BaseTest -->
