<?xml version="1.0" encoding="UTF-8"?>
<!-- Generated by org.testng.reporters.JUnitReportReporter -->
<testsuite hostname="EPRURYAW0079" name="com.epam.maya_semina.test.MailboxTest" tests="13" failures="0" timestamp="18 Aug 2016 12:08:02 GMT" time="37.098" errors="0">
  <testcase name="navigateToMailPageTest" time="3.080" classname="com.epam.maya_semina.test.MailboxTest"/>
  <testcase name="sendDraftTest" time="2.867" classname="com.epam.maya_semina.test.MailboxTest"/>
  <testcase name="sendDraftTest" time="2.880" classname="com.epam.maya_semina.test.MailboxTest"/>
  <testcase name="veryfySentLetterTest" time="2.573" classname="com.epam.maya_semina.test.MailboxTest"/>
  <testcase name="veryfySentLetterTest" time="1.849" classname="com.epam.maya_semina.test.MailboxTest"/>
  <testcase name="writeLetterTest" time="5.167" classname="com.epam.maya_semina.test.MailboxTest"/>
  <testcase name="veryfySentLetterTest" time="1.712" classname="com.epam.maya_semina.test.MailboxTest"/>
  <testcase name="writeLetterTest" time="3.435" classname="com.epam.maya_semina.test.MailboxTest"/>
  <testcase name="veryfySentLetterTest" time="1.782" classname="com.epam.maya_semina.test.MailboxTest"/>
  <testcase name="writeLetterTest" time="2.917" classname="com.epam.maya_semina.test.MailboxTest"/>
  <testcase name="sendDraftTest" time="2.899" classname="com.epam.maya_semina.test.MailboxTest"/>
  <testcase name="writeLetterTest" time="3.248" classname="com.epam.maya_semina.test.MailboxTest"/>
  <testcase name="sendDraftTest" time="2.689" classname="com.epam.maya_semina.test.MailboxTest"/>
</testsuite> <!-- com.epam.maya_semina.test.MailboxTest -->
